
/home/runner/work/exp-preparation-of-sols-iiith/exp-preparation-of-sols-iiith/experiment/posttest.js
  18:18  warning  'letter' is not defined  no-undef
  22:73  warning  'letter' is not defined  no-undef
  23:13  warning  'letter' is not defined  no-undef
  24:37  warning  'letter' is not defined  no-undef

/home/runner/work/exp-preparation-of-sols-iiith/exp-preparation-of-sols-iiith/experiment/pretest.js
  18:19  warning  'letter' is not defined  no-undef
  22:74  warning  'letter' is not defined  no-undef
  23:14  warning  'letter' is not defined  no-undef
  24:38  warning  'letter' is not defined  no-undef

/home/runner/work/exp-preparation-of-sols-iiith/exp-preparation-of-sols-iiith/experiment/simulation/js/main.js
    2:5   warning  'message_flag' is assigned a value but never used   no-unused-vars
   31:10  warning  'pour' is defined but never used                    no-unused-vars
   32:25  warning  'anime' is not defined                              no-undef
   53:25  warning  'anime' is not defined                              no-undef
   67:11  warning  'animation_3' is assigned a value but never used    no-unused-vars
   67:25  warning  'anime' is not defined                              no-undef
   76:11  warning  'animation_4' is assigned a value but never used    no-unused-vars
   76:25  warning  'anime' is not defined                              no-undef
   84:11  warning  'animation_5' is assigned a value but never used    no-unused-vars
   84:25  warning  'anime' is not defined                              no-undef
   93:10  warning  'movesalt' is defined but never used                no-unused-vars
   94:11  warning  'animation_1' is assigned a value but never used    no-unused-vars
   94:25  warning  'anime' is not defined                              no-undef
  107:10  warning  'addsalt' is defined but never used                 no-unused-vars
  108:25  warning  'anime' is not defined                              no-undef
  122:11  warning  'animation_2' is assigned a value but never used    no-unused-vars
  122:25  warning  'anime' is not defined                              no-undef
  131:11  warning  'animation_3' is assigned a value but never used    no-unused-vars
  131:25  warning  'anime' is not defined                              no-undef
  145:11  warning  'animation_4' is assigned a value but never used    no-unused-vars
  145:25  warning  'anime' is not defined                              no-undef
  148:9   warning  Duplicate key 'duration'                            no-dupe-keys
  155:10  warning  'stir' is defined but never used                    no-unused-vars
  156:11  warning  'animation_1' is assigned a value but never used    no-unused-vars
  156:25  warning  'anime' is not defined                              no-undef
  166:11  warning  'animation_2' is assigned a value but never used    no-unused-vars
  166:25  warning  'anime' is not defined                              no-undef
  179:11  warning  'animation_3' is assigned a value but never used    no-unused-vars
  179:25  warning  'anime' is not defined                              no-undef
  186:11  warning  'animation_4' is assigned a value but never used    no-unused-vars
  186:25  warning  'anime' is not defined                              no-undef
  193:11  warning  'animation_5' is assigned a value but never used    no-unused-vars
  193:25  warning  'anime' is not defined                              no-undef
  203:10  warning  'dropflask' is defined but never used               no-unused-vars
  204:11  warning  'animation_1' is assigned a value but never used    no-unused-vars
  204:25  warning  'anime' is not defined                              no-undef
  212:11  warning  'animation_2' is assigned a value but never used    no-unused-vars
  212:25  warning  'anime' is not defined                              no-undef
  220:11  warning  'animation_3' is assigned a value but never used    no-unused-vars
  220:25  warning  'anime' is not defined                              no-undef
  235:10  warning  'dropbead' is defined but never used                no-unused-vars
  236:11  warning  'animation_1' is assigned a value but never used    no-unused-vars
  236:25  warning  'anime' is not defined                              no-undef
  250:10  warning  'stir_bead' is defined but never used               no-unused-vars
  251:25  warning  'anime' is not defined                              no-undef
  265:11  warning  'animation_2' is assigned a value but never used    no-unused-vars
  265:25  warning  'anime' is not defined                              no-undef
  285:10  warning  'heating' is defined but never used                 no-unused-vars
  288:15  warning  'animation_2' is assigned a value but never used    no-unused-vars
  288:29  warning  'anime' is not defined                              no-undef
  302:15  warning  'animation_1' is assigned a value but never used    no-unused-vars
  302:29  warning  'anime' is not defined                              no-undef
  315:10  warning  'drop_pipette_to_beaker' is defined but never used  no-unused-vars
  318:15  warning  'animation_1' is assigned a value but never used    no-unused-vars
  318:29  warning  'anime' is not defined                              no-undef
  335:10  warning  'pipette_fill' is defined but never used            no-unused-vars
  337:15  warning  'animation_1' is assigned a value but never used    no-unused-vars
  337:29  warning  'anime' is not defined                              no-undef
  354:10  warning  'pipette_move_to_flask' is defined but never used   no-unused-vars
  356:15  warning  'animation_1' is assigned a value but never used    no-unused-vars
  356:29  warning  'anime' is not defined                              no-undef
  371:15  warning  'animation_2' is assigned a value but never used    no-unused-vars
  371:29  warning  'anime' is not defined                              no-undef
  383:10  warning  'make_sol' is defined but never used                no-unused-vars
  385:15  warning  'animation_1' is assigned a value but never used    no-unused-vars
  385:29  warning  'anime' is not defined                              no-undef
  394:15  warning  'animation_2' is assigned a value but never used    no-unused-vars
  394:29  warning  'anime' is not defined                              no-undef

✖ 76 problems (0 errors, 76 warnings)

